<?xml version="1.0"?>
<testsuite failures="0" skipped="0" name="cucumber-js" time="12.812825031" tests="1">
  <testcase classname="Halspan - Admin - Log in to the Application" name="Admin logs in with valid credentials" time="12.812825031">
    <system-out><![CDATA[Given I am on the login page..............................................passed
When I enter valid email address as "nayana.sk@7edge.com".................passed
* I enter valid password as "Auth@123"....................................passed
* I click the submit button...............................................passed
Then I should be redirected to the questionnaire listing screen...........passed]]></system-out>
  </testcase>
</testsuite>